<?xml version="1.0" encoding="UTF-8"?>
<!-- Generated by org.testng.reporters.JUnitReportReporter -->
<testsuite hostname="THANHKHANH" failures="0" tests="3" name="com.project.testcases.BusTicketBookingTestCaseGrid_2" time="65.872" errors="0" timestamp="2020-06-18T19:33:25 PDT" skipped="0">
  <testcase classname="com.project.testcases.BusTicketBookingTestCaseGrid_2" name="SearchBus" time="24.691"/>
  <system-out/>
  <testcase classname="com.project.testcases.BusTicketBookingTestCaseGrid_2" name="SearchBus" time="28.127"/>
  <system-out/>
  <testcase classname="com.project.testcases.BusTicketBookingTestCaseGrid_2" name="RedBus" time="13.054"/>
  <system-out/>
</testsuite> <!-- com.project.testcases.BusTicketBookingTestCaseGrid_2 -->
