<?xml version="1.0" encoding="UTF-8"?>
<!-- Generated by org.testng.reporters.JUnitReportReporter -->
<testsuite hostname="THANHKHANH" failures="0" tests="1" name="com.project.testcases.CalorieCalculatorTestCaseGrid2" time="6.410" errors="0" timestamp="2020-06-17T00:10:04 PDT" skipped="0">
  <testcase classname="com.project.testcases.CalorieCalculatorTestCaseGrid2" name="EnterCalorieDetails" time="6.410"/>
  <system-out/>
</testsuite> <!-- com.project.testcases.CalorieCalculatorTestCaseGrid2 -->
