<?xml version="1.0" encoding="UTF-8"?>
<!-- Generated by org.testng.reporters.JUnitReportReporter -->
<testsuite hostname="THANHKHANH" failures="0" tests="3" name="com.project.testcases.BusTicketBookingTestCaseGrid_1" time="60.590" errors="0" timestamp="2020-06-18T19:33:25 PDT" skipped="0">
  <testcase classname="com.project.testcases.BusTicketBookingTestCaseGrid_1" name="RedBus" time="8.548"/>
  <system-out/>
  <testcase classname="com.project.testcases.BusTicketBookingTestCaseGrid_1" name="SearchBus" time="27.812"/>
  <system-out/>
  <testcase classname="com.project.testcases.BusTicketBookingTestCaseGrid_1" name="SearchBus" time="24.230"/>
  <system-out/>
</testsuite> <!-- com.project.testcases.BusTicketBookingTestCaseGrid_1 -->
